Traceback (most recent call last):
  File "/Users/davidzeman/github/bet365_new/main.py", line 4, in <module>
    from playwright.async_api import async_playwright
ModuleNotFoundError: No module named 'playwright'
Traceback (most recent call last):
  File "/Users/davidzeman/github/bet365_new/main.py", line 4, in <module>
    from playwright.async_api import async_playwright
ModuleNotFoundError: No module named 'playwright'
(node:66690) [DEP0169] DeprecationWarning: `url.parse()` behavior is not standardized and prone to errors that have security implications. Use the WHATWG URL API instead. CVEs are not issued for `url.parse()` vulnerabilities.
(Use `node --trace-deprecation ...` to show where the warning was created)
Found 11 buttons on page:
  aria-label=None text=''
  aria-label=None text='Všetky športy'
  aria-label=None text='Naživo'
  aria-label=None text='Kasíno'
  aria-label=None text='Ponuky'
  aria-label=None text='Registrácia'
  aria-label=None text='Prihlásiť'
  aria-label=None text='Oneskorenie informácií a prenosu'
  aria-label=None text='Spravovanie cookies'
  aria-label=None text='Iba nevyhnutné'
  aria-label=None text='Prijať všetky'
Clicked login button ('Prihlásiť'), waiting for modal...
Found username input with selector: input[type='text']
Filled username
Found password input with selector: input[type='password']
Filled password
Found 2 buttons with text 'Prihlásiť', clicking last one
Clicked submit button — LOGIN COMPLETED
No messageWindow iframe found — skipping verification step
Login done — starting scraper
Searching for squash tournaments...
[2026-03-03 21:39:05] ERROR: Login button detected — session expired, re-logging in
⚠️  Session expired — re-logging in...
Found 12 buttons on page:
  aria-label=None text=''
  aria-label=None text='Všetky športy'
  aria-label=None text='Naživo'
  aria-label=None text='Kasíno'
  aria-label=None text=''
  aria-label=None text='Ponuky'
  aria-label=None text='Registrácia'
  aria-label=None text='Prihlásiť'
  aria-label=None text='Oneskorenie informácií a prenosu'
  aria-label=None text='Spravovanie cookies'
  aria-label=None text='Iba nevyhnutné'
  aria-label=None text='Prijať všetky'
Login button not found (tried all variants)
Re-login returned False, retrying in 10s...
Found 12 buttons on page:
  aria-label=None text=''
  aria-label=None text='Všetky športy'
  aria-label=None text='Naživo'
  aria-label=None text='Kasíno'
  aria-label=None text=''
  aria-label=None text='Ponuky'
  aria-label=None text='Registrácia'
  aria-label=None text='Prihlásiť'
  aria-label=None text='Oneskorenie informácií a prenosu'
  aria-label=None text='Spravovanie cookies'
  aria-label=None text='Iba nevyhnutné'
  aria-label=None text='Prijať všetky'
Login button not found (tried all variants)
Re-login returned False, retrying in 10s...
Found 12 buttons on page:
  aria-label=None text=''
  aria-label=None text='Všetky športy'
  aria-label=None text='Naživo'
  aria-label=None text='Kasíno'
  aria-label=None text=''
  aria-label=None text='Ponuky'
  aria-label=None text='Registrácia'
  aria-label=None text='Prihlásiť'
  aria-label=None text='Oneskorenie informácií a prenosu'
  aria-label=None text='Spravovanie cookies'
  aria-label=None text='Iba nevyhnutné'
  aria-label=None text='Prijať všetky'
Login button not found (tried all variants)
Re-login returned False, retrying in 10s...
Found 12 buttons on page:
  aria-label=None text=''
  aria-label=None text='Všetky športy'
  aria-label=None text='Naživo'
  aria-label=None text='Kasíno'
  aria-label=None text=''
  aria-label=None text='Ponuky'
  aria-label=None text='Registrácia'
  aria-label=None text='Prihlásiť'
  aria-label=None text='Oneskorenie informácií a prenosu'
  aria-label=None text='Spravovanie cookies'
  aria-label=None text='Iba nevyhnutné'
  aria-label=None text='Prijať všetky'
Login button not found (tried all variants)
Re-login returned False, retrying in 10s...
Found 12 buttons on page:
  aria-label=None text=''
  aria-label=None text='Všetky športy'
  aria-label=None text='Naživo'
  aria-label=None text='Kasíno'
  aria-label=None text=''
  aria-label=None text='Ponuky'
  aria-label=None text='Registrácia'
  aria-label=None text='Prihlásiť'
  aria-label=None text='Oneskorenie informácií a prenosu'
  aria-label=None text='Spravovanie cookies'
  aria-label=None text='Iba nevyhnutné'
  aria-label=None text='Prijať všetky'
Login button not found (tried all variants)
Re-login returned False, retrying in 10s...
Found 12 buttons on page:
  aria-label=None text=''
  aria-label=None text='Všetky športy'
  aria-label=None text='Naživo'
  aria-label=None text='Kasíno'
  aria-label=None text=''
  aria-label=None text='Ponuky'
  aria-label=None text='Registrácia'
  aria-label=None text='Prihlásiť'
  aria-label=None text='Oneskorenie informácií a prenosu'
  aria-label=None text='Spravovanie cookies'
  aria-label=None text='Iba nevyhnutné'
  aria-label=None text='Prijať všetky'
Login button not found (tried all variants)
Re-login returned False, retrying in 10s...
Re-login error: Page.query_selector_all: Target page, context or browser has been closed, retrying in 10s...
Re-login error: Page.query_selector_all: Target page, context or browser has been closed, retrying in 10s...
Re-login error: Page.query_selector_all: Target page, context or browser has been closed, retrying in 10s...
Re-login error: Page.query_selector_all: Target page, context or browser has been closed, retrying in 10s...
Re-login error: Page.query_selector_all: Target page, context or browser has been closed, retrying in 10s...
Re-login error: Page.query_selector_all: Target page, context or browser has been closed, retrying in 10s...
Re-login error: Page.query_selector_all: Target page, context or browser has been closed, retrying in 10s...
Re-login error: Page.query_selector_all: Target page, context or browser has been closed, retrying in 10s...
Re-login error: Page.query_selector_all: Target page, context or browser has been closed, retrying in 10s...
Re-login error: Page.query_selector_all: Target page, context or browser has been closed, retrying in 10s...
Re-login error: Page.query_selector_all: Target page, context or browser has been closed, retrying in 10s...
Re-login error: Page.query_selector_all: Target page, context or browser has been closed, retrying in 10s...
Re-login error: Page.query_selector_all: Target page, context or browser has been closed, retrying in 10s...
Re-login error: Page.query_selector_all: Target page, context or browser has been closed, retrying in 10s...
Re-login error: Page.query_selector_all: Target page, context or browser has been closed, retrying in 10s...
Re-login error: Page.query_selector_all: Target page, context or browser has been closed, retrying in 10s...
Re-login error: Page.query_selector_all: Target page, context or browser has been closed, retrying in 10s...
Re-login error: Page.query_selector_all: Target page, context or browser has been closed, retrying in 10s...
Re-login error: Page.query_selector_all: Target page, context or browser has been closed, retrying in 10s...
Re-login error: Page.query_selector_all: Target page, context or browser has been closed, retrying in 10s...
Re-login error: Page.query_selector_all: Target page, context or browser has been closed, retrying in 10s...
Re-login error: Page.query_selector_all: Target page, context or browser has been closed, retrying in 10s...
Re-login error: Page.query_selector_all: Target page, context or browser has been closed, retrying in 10s...
Re-login error: Page.query_selector_all: Target page, context or browser has been closed, retrying in 10s...
Re-login error: Page.query_selector_all: Target page, context or browser has been closed, retrying in 10s...
Re-login error: Page.query_selector_all: Target page, context or browser has been closed, retrying in 10s...
Re-login error: Page.query_selector_all: Target page, context or browser has been closed, retrying in 10s...
Re-login error: Page.query_selector_all: Target page, context or browser has been closed, retrying in 10s...
Re-login error: Page.query_selector_all: Target page, context or browser has been closed, retrying in 10s...
Re-login error: Page.query_selector_all: Target page, context or browser has been closed, retrying in 10s...
Re-login error: Page.query_selector_all: Target page, context or browser has been closed, retrying in 10s...
Re-login error: Page.query_selector_all: Target page, context or browser has been closed, retrying in 10s...
Re-login error: Page.query_selector_all: Target page, context or browser has been closed, retrying in 10s...
Re-login error: Page.query_selector_all: Target page, context or browser has been closed, retrying in 10s...
Re-login error: Page.query_selector_all: Target page, context or browser has been closed, retrying in 10s...
Re-login error: Page.query_selector_all: Target page, context or browser has been closed, retrying in 10s...
Re-login error: Page.query_selector_all: Target page, context or browser has been closed, retrying in 10s...
Re-login error: Page.query_selector_all: Target page, context or browser has been closed, retrying in 10s...
Re-login error: Page.query_selector_all: Target page, context or browser has been closed, retrying in 10s...
Re-login error: Page.query_selector_all: Target page, context or browser has been closed, retrying in 10s...
Re-login error: Page.query_selector_all: Target page, context or browser has been closed, retrying in 10s...
Re-login error: Page.query_selector_all: Target page, context or browser has been closed, retrying in 10s...
Re-login error: Page.query_selector_all: Target page, context or browser has been closed, retrying in 10s...
Re-login error: Page.query_selector_all: Target page, context or browser has been closed, retrying in 10s...
Re-login error: Page.query_selector_all: Target page, context or browser has been closed, retrying in 10s...
Re-login error: Page.query_selector_all: Target page, context or browser has been closed, retrying in 10s...
Re-login error: Page.query_selector_all: Target page, context or browser has been closed, retrying in 10s...
Re-login error: Page.query_selector_all: Target page, context or browser has been closed, retrying in 10s...
Re-login error: Page.query_selector_all: Target page, context or browser has been closed, retrying in 10s...
Re-login error: Page.query_selector_all: Target page, context or browser has been closed, retrying in 10s...
Re-login error: Page.query_selector_all: Target page, context or browser has been closed, retrying in 10s...
Re-login error: Page.query_selector_all: Target page, context or browser has been closed, retrying in 10s...
Re-login error: Page.query_selector_all: Target page, context or browser has been closed, retrying in 10s...
Re-login error: Page.query_selector_all: Target page, context or browser has been closed, retrying in 10s...
Re-login error: Page.query_selector_all: Target page, context or browser has been closed, retrying in 10s...
Re-login error: Page.query_selector_all: Target page, context or browser has been closed, retrying in 10s...
Re-login error: Page.query_selector_all: Target page, context or browser has been closed, retrying in 10s...
Re-login error: Page.query_selector_all: Target page, context or browser has been closed, retrying in 10s...
Re-login error: Page.query_selector_all: Target page, context or browser has been closed, retrying in 10s...
Re-login error: Page.query_selector_all: Target page, context or browser has been closed, retrying in 10s...
Re-login error: Page.query_selector_all: Target page, context or browser has been closed, retrying in 10s...
Re-login error: Page.query_selector_all: Target page, context or browser has been closed, retrying in 10s...
Re-login error: Page.query_selector_all: Target page, context or browser has been closed, retrying in 10s...
Re-login error: Page.query_selector_all: Target page, context or browser has been closed, retrying in 10s...
Re-login error: Page.query_selector_all: Target page, context or browser has been closed, retrying in 10s...
Re-login error: Page.query_selector_all: Target page, context or browser has been closed, retrying in 10s...
Re-login error: Page.query_selector_all: Target page, context or browser has been closed, retrying in 10s...
Re-login error: Page.query_selector_all: Target page, context or browser has been closed, retrying in 10s...
Re-login error: Page.query_selector_all: Target page, context or browser has been closed, retrying in 10s...
Re-login error: Page.query_selector_all: Target page, context or browser has been closed, retrying in 10s...
Re-login error: Page.query_selector_all: Target page, context or browser has been closed, retrying in 10s...
Re-login error: Page.query_selector_all: Target page, context or browser has been closed, retrying in 10s...
Re-login error: Page.query_selector_all: Target page, context or browser has been closed, retrying in 10s...
Re-login error: Page.query_selector_all: Target page, context or browser has been closed, retrying in 10s...
Re-login error: Page.query_selector_all: Target page, context or browser has been closed, retrying in 10s...
Re-login error: Page.query_selector_all: Target page, context or browser has been closed, retrying in 10s...
Re-login error: Page.query_selector_all: Target page, context or browser has been closed, retrying in 10s...
Re-login error: Page.query_selector_all: Target page, context or browser has been closed, retrying in 10s...
Re-login error: Page.query_selector_all: Target page, context or browser has been closed, retrying in 10s...
Re-login error: Page.query_selector_all: Target page, context or browser has been closed, retrying in 10s...
Re-login error: Page.query_selector_all: Target page, context or browser has been closed, retrying in 10s...
Re-login error: Page.query_selector_all: Target page, context or browser has been closed, retrying in 10s...
Re-login error: Page.query_selector_all: Target page, context or browser has been closed, retrying in 10s...
Re-login error: Page.query_selector_all: Target page, context or browser has been closed, retrying in 10s...
Re-login error: Page.query_selector_all: Target page, context or browser has been closed, retrying in 10s...
Re-login error: Page.query_selector_all: Target page, context or browser has been closed, retrying in 10s...
Re-login error: Page.query_selector_all: Target page, context or browser has been closed, retrying in 10s...
Re-login error: Page.query_selector_all: Target page, context or browser has been closed, retrying in 10s...
Re-login error: Page.query_selector_all: Target page, context or browser has been closed, retrying in 10s...
Traceback (most recent call last):
  File "/Users/davidzeman/github/bet365_new/main.py", line 61, in relogin_if_needed
    success = await login(page)
              ^^^^^^^^^^^^^^^^^
  File "/Users/davidzeman/github/bet365_new/login.py", line 15, in login
    buttons = await page.query_selector_all("button")
              ^^^^^^^^^^^^^^^^^^^^^^^^^^^^^^^^^^^^^^^
  File "/Users/davidzeman/github/bet365/venv/lib/python3.14/site-packages/playwright/async_api/_generated.py", line 8160, in query_selector_all
    await self._impl_obj.query_selector_all(selector=selector)
  File "/Users/davidzeman/github/bet365/venv/lib/python3.14/site-packages/playwright/_impl/_page.py", line 410, in query_selector_all
    return await self._main_frame.query_selector_all(selector)
           ^^^^^^^^^^^^^^^^^^^^^^^^^^^^^^^^^^^^^^^^^^^^^^^^^^^
  File "/Users/davidzeman/github/bet365/venv/lib/python3.14/site-packages/playwright/_impl/_frame.py", line 355, in query_selector_all
    await self._channel.send(
    ^^^^^^^^^^^^^^^^^^^^^^^^^
        "querySelectorAll", None, dict(selector=selector)
        ^^^^^^^^^^^^^^^^^^^^^^^^^^^^^^^^^^^^^^^^^^^^^^^^^
    ),
    ^
  File "/Users/davidzeman/github/bet365/venv/lib/python3.14/site-packages/playwright/_impl/_connection.py", line 69, in send
    return await self._connection.wrap_api_call(
           ^^^^^^^^^^^^^^^^^^^^^^^^^^^^^^^^^^^^^
    ...<3 lines>...
    )
    ^
  File "/Users/davidzeman/github/bet365/venv/lib/python3.14/site-packages/playwright/_impl/_connection.py", line 559, in wrap_api_call
    raise rewrite_error(error, f"{parsed_st['apiName']}: {error}") from None
playwright._impl._errors.TargetClosedError: Page.query_selector_all: Target page, context or browser has been closed

During handling of the above exception, another exception occurred:

Traceback (most recent call last):
  File "/opt/homebrew/Cellar/python@3.14/3.14.1/Frameworks/Python.framework/Versions/3.14/lib/python3.14/asyncio/runners.py", line 127, in run
    return self._loop.run_until_complete(task)
           ~~~~~~~~~~~~~~~~~~~~~~~~~~~~~^^^^^^
  File "/opt/homebrew/Cellar/python@3.14/3.14.1/Frameworks/Python.framework/Versions/3.14/lib/python3.14/asyncio/base_events.py", line 719, in run_until_complete
    return future.result()
           ~~~~~~~~~~~~~^^
  File "/Users/davidzeman/github/bet365_new/main.py", line 261, in scrape
    await Searching_Squash(context, page, data)
  File "/Users/davidzeman/github/bet365_new/main.py", line 213, in Searching_Squash
    page = await relogin_if_needed(context, page)
           ^^^^^^^^^^^^^^^^^^^^^^^^^^^^^^^^^^^^^^
  File "/Users/davidzeman/github/bet365_new/main.py", line 71, in relogin_if_needed
    await asyncio.sleep(10)
  File "/opt/homebrew/Cellar/python@3.14/3.14.1/Frameworks/Python.framework/Versions/3.14/lib/python3.14/asyncio/tasks.py", line 702, in sleep
    return await future
           ^^^^^^^^^^^^
asyncio.exceptions.CancelledError

During handling of the above exception, another exception occurred:

Traceback (most recent call last):
  File "/Users/davidzeman/github/bet365_new/main.py", line 267, in <module>
    asyncio.run(scrape())
    ~~~~~~~~~~~^^^^^^^^^^
  File "/opt/homebrew/Cellar/python@3.14/3.14.1/Frameworks/Python.framework/Versions/3.14/lib/python3.14/asyncio/runners.py", line 204, in run
    return runner.run(main)
           ~~~~~~~~~~^^^^^^
  File "/opt/homebrew/Cellar/python@3.14/3.14.1/Frameworks/Python.framework/Versions/3.14/lib/python3.14/asyncio/runners.py", line 132, in run
    raise KeyboardInterrupt()
KeyboardInterrupt
